<?xml version="1.0" encoding="UTF-8"?>
<!-- Generated by org.testng.reporters.JUnitReportReporter -->
<testsuite hostname="DESKTOP-UIS9TE7" failures="0" tests="1" name="framework.Base" time="65.366" errors="0" timestamp="2023-06-25T17:50:39 IST" skipped="0">
  <testcase classname="framework.Base" name="TC_01" time="65.366"/>
  <system-out>
    <![CDATA[Welcome!]]>
  </system-out>
</testsuite> <!-- framework.Base -->
