<?xml version="1.0" encoding="UTF-8"?>
<!-- Generated by org.testng.reporters.JUnitReportReporter -->
<testsuite hostname="DESKTOP-UIS9TE7" failures="0" tests="4" name="framework.TS_02" time="103.541" errors="0" timestamp="2023-07-07T15:03:15 IST" skipped="0">
  <testcase classname="framework.TS_02" name="TC_01" time="23.246"/>
  <system-out/>
  <testcase classname="framework.TS_02" name="TC_02" time="30.677"/>
  <system-out/>
  <testcase classname="framework.TS_02" name="TC_03" time="27.820"/>
  <system-out/>
  <testcase classname="framework.TS_02" name="TC_04" time="21.798"/>
  <system-out/>
</testsuite> <!-- framework.TS_02 -->
