<?xml version="1.0" encoding="UTF-8"?>
<!-- Generated by org.testng.reporters.JUnitReportReporter -->
<testsuite hostname="DESKTOP-UIS9TE7" failures="0" tests="1" name="selenium.Program_1" time="4.079" errors="0" timestamp="2023-06-27T20:02:24 IST" skipped="0">
  <testcase classname="selenium.Program_1" name="TC_01" time="4.079"/>
  <system-out>
    <![CDATA[kamal123@#]]>
  </system-out>
</testsuite> <!-- selenium.Program_1 -->
