<?xml version="1.0" encoding="UTF-8"?>
<!-- Generated by org.testng.reporters.JUnitReportReporter -->
<testsuite hostname="DESKTOP-UIS9TE7" failures="0" tests="1" name="framework.TestCase" time="44.062" errors="0" timestamp="2023-07-02T12:47:02 IST" skipped="0">
  <testcase classname="framework.TestCase" name="TC_22" time="44.062"/>
  <system-out/>
</testsuite> <!-- framework.TestCase -->
