<?xml version="1.0" encoding="UTF-8"?>
<!-- Generated by org.testng.reporters.JUnitReportReporter -->
<testsuite hostname="DESKTOP-UIS9TE7" failures="0" tests="20" name="framework.TS_03" time="466.284" errors="0" timestamp="2023-07-07T15:03:15 IST" skipped="0">
  <testcase classname="framework.TS_03" name="TC_01" time="20.158"/>
  <system-out/>
  <testcase classname="framework.TS_03" name="TC_02" time="20.091"/>
  <system-out/>
  <testcase classname="framework.TS_03" name="TC_03" time="20.406"/>
  <system-out/>
  <testcase classname="framework.TS_03" name="TC_04" time="21.334"/>
  <system-out/>
  <testcase classname="framework.TS_03" name="TC_05" time="22.037"/>
  <system-out/>
  <testcase classname="framework.TS_03" name="TC_06" time="23.200"/>
  <system-out/>
  <testcase classname="framework.TS_03" name="TC_07" time="20.215"/>
  <system-out/>
  <testcase classname="framework.TS_03" name="TC_08" time="19.474"/>
  <system-out/>
  <testcase classname="framework.TS_03" name="TC_09" time="19.913"/>
  <system-out/>
  <testcase classname="framework.TS_03" name="TC_11" time="35.067"/>
  <system-out/>
  <testcase classname="framework.TS_03" name="TC_12" time="20.371"/>
  <system-out/>
  <testcase classname="framework.TS_03" name="TC_14" time="19.994"/>
  <system-out/>
  <testcase classname="framework.TS_03" name="TC_15" time="20.977"/>
  <system-out/>
  <testcase classname="framework.TS_03" name="TC_16" time="21.670"/>
  <system-out/>
  <testcase classname="framework.TS_03" name="TC_17" time="20.661"/>
  <system-out/>
  <testcase classname="framework.TS_03" name="TC_18" time="23.805"/>
  <system-out/>
  <testcase classname="framework.TS_03" name="TC_19" time="24.365"/>
  <system-out/>
  <testcase classname="framework.TS_03" name="TC_20" time="52.284"/>
  <system-out/>
  <testcase classname="framework.TS_03" name="TC_21" time="20.073"/>
  <system-out/>
  <testcase classname="framework.TS_03" name="TC_22" time="20.189"/>
  <system-out/>
</testsuite> <!-- framework.TS_03 -->
